# JRE version: OpenJDK Runtime Environment Temurin-17.0.13+11 (17.0.13+11) (build 17.0.13+11)
# Java VM: OpenJDK 64-Bit Server VM Temurin-17.0.13+11 (17.0.13+11, mixed mode, tiered, compressed oops, compressed class ptrs, parallel gc, windows-amd64)
GC Precious Log:
 CPUs: 20 total, 20 available
 Memory: 7892M
 Large Page Support: Disabled
 NUMA Support: Disabled
 Compressed Oops: Enabled (32-bit)
 Alignments: Space 512K, Generation 512K, Heap 2M
 Heap Min Capacity: 100M
 Heap Initial Capacity: 100M
 Heap Max Capacity: 1G
 Pre-touch: Disabled
 Parallel Workers: 15
Heap:
 PSYoungGen      total 27136K, used 23387K [0x00000000eab00000, 0x00000000ed100000, 0x0000000100000000)
  eden space 16384K, 78% used [0x00000000eab00000,0x00000000eb792708,0x00000000ebb00000)
  from space 10752K, 97% used [0x00000000ec680000,0x00000000ed0c4848,0x00000000ed100000)
  to   space 7168K, 0% used [0x00000000ebb00000,0x00000000ebb00000,0x00000000ec200000)
 ParOldGen       total 181760K, used 173872K [0x00000000c0000000, 0x00000000cb180000, 0x00000000eab00000)
  object space 181760K, 95% used [0x00000000c0000000,0x00000000ca9cc068,0x00000000cb180000)
 Metaspace       used 66780K, committed 67840K, reserved 1114112K
  class space    used 7056K, committed 7552K, reserved 1048576K
GC Heap History (20 events):
Event: 8.974 GC heap before
{Heap before GC invocations=128 (full 6):
 PSYoungGen      total 12288K, used 12270K [0x00000000eab00000, 0x00000000ebf80000, 0x0000000100000000)
  eden space 9728K, 100% used [0x00000000eab00000,0x00000000eb480000,0x00000000eb480000)
  from space 2560K, 99% used [0x00000000eb480000,0x00000000eb6fb9c0,0x00000000eb700000)
  to   space 5120K, 0% used [0x00000000eba80000,0x00000000eba80000,0x00000000ebf80000)
 ParOldGen       total 181760K, used 150180K [0x00000000c0000000, 0x00000000cb180000, 0x00000000eab00000)
  object space 181760K, 82% used [0x00000000c0000000,0x00000000c92a90e0,0x00000000cb180000)
 Metaspace       used 64845K, committed 65920K, reserved 1114112K
  class space    used 6855K, committed 7296K, reserved 1048576K
}
Event: 8.977 GC heap after
{Heap after GC invocations=128 (full 6):
 PSYoungGen      total 13824K, used 2754K [0x00000000eab00000, 0x00000000ebd80000, 0x0000000100000000)
  eden space 10752K, 0% used [0x00000000eab00000,0x00000000eab00000,0x00000000eb580000)
  from space 3072K, 89% used [0x00000000eba80000,0x00000000ebd30840,0x00000000ebd80000)
  to   space 3584K, 0% used [0x00000000eb680000,0x00000000eb680000,0x00000000eba00000)
 ParOldGen       total 181760K, used 151303K [0x00000000c0000000, 0x00000000cb180000, 0x00000000eab00000)
  object space 181760K, 83% used [0x00000000c0000000,0x00000000c93c1da0,0x00000000cb180000)
 Metaspace       used 64845K, committed 65920K, reserved 1114112K
  class space    used 6855K, committed 7296K, reserved 1048576K
}
Event: 8.999 GC heap before
{Heap before GC invocations=129 (full 6):
 PSYoungGen      total 13824K, used 13506K [0x00000000eab00000, 0x00000000ebd80000, 0x0000000100000000)
  eden space 10752K, 100% used [0x00000000eab00000,0x00000000eb580000,0x00000000eb580000)
  from space 3072K, 89% used [0x00000000eba80000,0x00000000ebd30840,0x00000000ebd80000)
  to   space 3584K, 0% used [0x00000000eb680000,0x00000000eb680000,0x00000000eba00000)
 ParOldGen       total 181760K, used 151303K [0x00000000c0000000, 0x00000000cb180000, 0x00000000eab00000)
  object space 181760K, 83% used [0x00000000c0000000,0x00000000c93c1da0,0x00000000cb180000)
 Metaspace       used 64847K, committed 65920K, reserved 1114112K
  class space    used 6855K, committed 7296K, reserved 1048576K
}
Event: 9.002 GC heap after
{Heap after GC invocations=129 (full 6):
 PSYoungGen      total 15360K, used 3556K [0x00000000eab00000, 0x00000000ebe80000, 0x0000000100000000)
  eden space 11776K, 0% used [0x00000000eab00000,0x00000000eab00000,0x00000000eb680000)
  from space 3584K, 99% used [0x00000000eb680000,0x00000000eb9f9348,0x00000000eba00000)
  to   space 4096K, 0% used [0x00000000eba80000,0x00000000eba80000,0x00000000ebe80000)
 ParOldGen       total 181760K, used 151496K [0x00000000c0000000, 0x00000000cb180000, 0x00000000eab00000)
  object space 181760K, 83% used [0x00000000c0000000,0x00000000c93f2240,0x00000000cb180000)
 Metaspace       used 64847K, committed 65920K, reserved 1114112K
  class space    used 6855K, committed 7296K, reserved 1048576K
}
Event: 9.021 GC heap before
{Heap before GC invocations=130 (full 6):
 PSYoungGen      total 15360K, used 15332K [0x00000000eab00000, 0x00000000ebe80000, 0x0000000100000000)
  eden space 11776K, 100% used [0x00000000eab00000,0x00000000eb680000,0x00000000eb680000)
  from space 3584K, 99% used [0x00000000eb680000,0x00000000eb9f9348,0x00000000eba00000)
  to   space 4096K, 0% used [0x00000000eba80000,0x00000000eba80000,0x00000000ebe80000)
 ParOldGen       total 181760K, used 151496K [0x00000000c0000000, 0x00000000cb180000, 0x00000000eab00000)
  object space 181760K, 83% used [0x00000000c0000000,0x00000000c93f2240,0x00000000cb180000)
 Metaspace       used 64848K, committed 65920K, reserved 1114112K
  class space    used 6855K, committed 7296K, reserved 1048576K
}
Event: 9.023 GC heap after
{Heap after GC invocations=130 (full 6):
 PSYoungGen      total 15872K, used 2215K [0x00000000eab00000, 0x00000000ebd80000, 0x0000000100000000)
  eden space 12800K, 0% used [0x00000000eab00000,0x00000000eab00000,0x00000000eb780000)
  from space 3072K, 72% used [0x00000000eba80000,0x00000000ebca9fe0,0x00000000ebd80000)
  to   space 3072K, 0% used [0x00000000eb780000,0x00000000eb780000,0x00000000eba80000)
 ParOldGen       total 181760K, used 153817K [0x00000000c0000000, 0x00000000cb180000, 0x00000000eab00000)
  object space 181760K, 84% used [0x00000000c0000000,0x00000000c9636610,0x00000000cb180000)
 Metaspace       used 64848K, committed 65920K, reserved 1114112K
  class space    used 6855K, committed 7296K, reserved 1048576K
}
Event: 9.051 GC heap before
{Heap before GC invocations=131 (full 6):
 PSYoungGen      total 15872K, used 15015K [0x00000000eab00000, 0x00000000ebd80000, 0x0000000100000000)
  eden space 12800K, 100% used [0x00000000eab00000,0x00000000eb780000,0x00000000eb780000)
  from space 3072K, 72% used [0x00000000eba80000,0x00000000ebca9fe0,0x00000000ebd80000)
  to   space 3072K, 0% used [0x00000000eb780000,0x00000000eb780000,0x00000000eba80000)
 ParOldGen       total 181760K, used 153817K [0x00000000c0000000, 0x00000000cb180000, 0x00000000eab00000)
  object space 181760K, 84% used [0x00000000c0000000,0x00000000c9636610,0x00000000cb180000)
 Metaspace       used 64851K, committed 65920K, reserved 1114112K
  class space    used 6855K, committed 7296K, reserved 1048576K
}
Event: 9.052 GC heap after
{Heap after GC invocations=131 (full 6):
 PSYoungGen      total 15872K, used 3063K [0x00000000eab00000, 0x00000000ebf80000, 0x0000000100000000)
  eden space 12800K, 0% used [0x00000000eab00000,0x00000000eab00000,0x00000000eb780000)
  from space 3072K, 99% used [0x00000000eb780000,0x00000000eba7dd30,0x00000000eba80000)
  to   space 3584K, 0% used [0x00000000ebc00000,0x00000000ebc00000,0x00000000ebf80000)
 ParOldGen       total 181760K, used 153965K [0x00000000c0000000, 0x00000000cb180000, 0x00000000eab00000)
  object space 181760K, 84% used [0x00000000c0000000,0x00000000c965b670,0x00000000cb180000)
 Metaspace       used 64851K, committed 65920K, reserved 1114112K
  class space    used 6855K, committed 7296K, reserved 1048576K
}
Event: 9.097 GC heap before
{Heap before GC invocations=132 (full 6):
 PSYoungGen      total 15872K, used 15863K [0x00000000eab00000, 0x00000000ebf80000, 0x0000000100000000)
  eden space 12800K, 100% used [0x00000000eab00000,0x00000000eb780000,0x00000000eb780000)
  from space 3072K, 99% used [0x00000000eb780000,0x00000000eba7dd30,0x00000000eba80000)
  to   space 3584K, 0% used [0x00000000ebc00000,0x00000000ebc00000,0x00000000ebf80000)
 ParOldGen       total 181760K, used 153965K [0x00000000c0000000, 0x00000000cb180000, 0x00000000eab00000)
  object space 181760K, 84% used [0x00000000c0000000,0x00000000c965b670,0x00000000cb180000)
 Metaspace       used 64987K, committed 66048K, reserved 1114112K
  class space    used 6875K, committed 7296K, reserved 1048576K
}
Event: 9.101 GC heap after
{Heap after GC invocations=132 (full 6):
 PSYoungGen      total 16896K, used 3542K [0x00000000eab00000, 0x00000000ec080000, 0x0000000100000000)
  eden space 13312K, 0% used [0x00000000eab00000,0x00000000eab00000,0x00000000eb800000)
  from space 3584K, 98% used [0x00000000ebc00000,0x00000000ebf75ae8,0x00000000ebf80000)
  to   space 4096K, 0% used [0x00000000eb800000,0x00000000eb800000,0x00000000ebc00000)
 ParOldGen       total 181760K, used 155879K [0x00000000c0000000, 0x00000000cb180000, 0x00000000eab00000)
  object space 181760K, 85% used [0x00000000c0000000,0x00000000c9839ed8,0x00000000cb180000)
 Metaspace       used 64987K, committed 66048K, reserved 1114112K
  class space    used 6875K, committed 7296K, reserved 1048576K
}
Event: 9.162 GC heap before
{Heap before GC invocations=133 (full 6):
 PSYoungGen      total 16896K, used 16854K [0x00000000eab00000, 0x00000000ec080000, 0x0000000100000000)
  eden space 13312K, 100% used [0x00000000eab00000,0x00000000eb800000,0x00000000eb800000)
  from space 3584K, 98% used [0x00000000ebc00000,0x00000000ebf75ae8,0x00000000ebf80000)
  to   space 4096K, 0% used [0x00000000eb800000,0x00000000eb800000,0x00000000ebc00000)
 ParOldGen       total 181760K, used 155879K [0x00000000c0000000, 0x00000000cb180000, 0x00000000eab00000)
  object space 181760K, 85% used [0x00000000c0000000,0x00000000c9839ed8,0x00000000cb180000)
 Metaspace       used 65108K, committed 66112K, reserved 1114112K
  class space    used 6889K, committed 7296K, reserved 1048576K
}
Event: 9.165 GC heap after
{Heap after GC invocations=133 (full 6):
 PSYoungGen      total 17408K, used 4090K [0x00000000eab00000, 0x00000000ec700000, 0x0000000100000000)
  eden space 13312K, 0% used [0x00000000eab00000,0x00000000eab00000,0x00000000eb800000)
  from space 4096K, 99% used [0x00000000eb800000,0x00000000ebbfeaf0,0x00000000ebc00000)
  to   space 7168K, 0% used [0x00000000ec000000,0x00000000ec000000,0x00000000ec700000)
 ParOldGen       total 181760K, used 158360K [0x00000000c0000000, 0x00000000cb180000, 0x00000000eab00000)
  object space 181760K, 87% used [0x00000000c0000000,0x00000000c9aa6128,0x00000000cb180000)
 Metaspace       used 65108K, committed 66112K, reserved 1114112K
  class space    used 6889K, committed 7296K, reserved 1048576K
}
Event: 9.223 GC heap before
{Heap before GC invocations=134 (full 6):
 PSYoungGen      total 17408K, used 17402K [0x00000000eab00000, 0x00000000ec700000, 0x0000000100000000)
  eden space 13312K, 100% used [0x00000000eab00000,0x00000000eb800000,0x00000000eb800000)
  from space 4096K, 99% used [0x00000000eb800000,0x00000000ebbfeaf0,0x00000000ebc00000)
  to   space 7168K, 0% used [0x00000000ec000000,0x00000000ec000000,0x00000000ec700000)
 ParOldGen       total 181760K, used 158360K [0x00000000c0000000, 0x00000000cb180000, 0x00000000eab00000)
  object space 181760K, 87% used [0x00000000c0000000,0x00000000c9aa6128,0x00000000cb180000)
 Metaspace       used 65472K, committed 66496K, reserved 1114112K
  class space    used 6919K, committed 7360K, reserved 1048576K
}
Event: 9.226 GC heap after
{Heap after GC invocations=134 (full 6):
 PSYoungGen      total 19456K, used 5101K [0x00000000eab00000, 0x00000000ec500000, 0x0000000100000000)
  eden space 14336K, 0% used [0x00000000eab00000,0x00000000eab00000,0x00000000eb900000)
  from space 5120K, 99% used [0x00000000ec000000,0x00000000ec4fb678,0x00000000ec500000)
  to   space 5632K, 0% used [0x00000000eba00000,0x00000000eba00000,0x00000000ebf80000)
 ParOldGen       total 181760K, used 160293K [0x00000000c0000000, 0x00000000cb180000, 0x00000000eab00000)
  object space 181760K, 88% used [0x00000000c0000000,0x00000000c9c897a8,0x00000000cb180000)
 Metaspace       used 65472K, committed 66496K, reserved 1114112K
  class space    used 6919K, committed 7360K, reserved 1048576K
}
Event: 9.279 GC heap before
{Heap before GC invocations=135 (full 6):
 PSYoungGen      total 19456K, used 19437K [0x00000000eab00000, 0x00000000ec500000, 0x0000000100000000)
  eden space 14336K, 100% used [0x00000000eab00000,0x00000000eb900000,0x00000000eb900000)
  from space 5120K, 99% used [0x00000000ec000000,0x00000000ec4fb678,0x00000000ec500000)
  to   space 5632K, 0% used [0x00000000eba00000,0x00000000eba00000,0x00000000ebf80000)
 ParOldGen       total 181760K, used 160293K [0x00000000c0000000, 0x00000000cb180000, 0x00000000eab00000)
  object space 181760K, 88% used [0x00000000c0000000,0x00000000c9c897a8,0x00000000cb180000)
 Metaspace       used 65737K, committed 66816K, reserved 1114112K
  class space    used 6948K, committed 7424K, reserved 1048576K
}
Event: 9.284 GC heap after
{Heap after GC invocations=135 (full 6):
 PSYoungGen      total 20992K, used 5625K [0x00000000eab00000, 0x00000000ecb00000, 0x0000000100000000)
  eden space 15360K, 0% used [0x00000000eab00000,0x00000000eab00000,0x00000000eba00000)
  from space 5632K, 99% used [0x00000000eba00000,0x00000000ebf7e6b8,0x00000000ebf80000)
  to   space 8704K, 0% used [0x00000000ec280000,0x00000000ec280000,0x00000000ecb00000)
 ParOldGen       total 181760K, used 162582K [0x00000000c0000000, 0x00000000cb180000, 0x00000000eab00000)
  object space 181760K, 89% used [0x00000000c0000000,0x00000000c9ec59e0,0x00000000cb180000)
 Metaspace       used 65737K, committed 66816K, reserved 1114112K
  class space    used 6948K, committed 7424K, reserved 1048576K
}
Event: 9.346 GC heap before
{Heap before GC invocations=136 (full 6):
 PSYoungGen      total 20992K, used 20985K [0x00000000eab00000, 0x00000000ecb00000, 0x0000000100000000)
  eden space 15360K, 100% used [0x00000000eab00000,0x00000000eba00000,0x00000000eba00000)
  from space 5632K, 99% used [0x00000000eba00000,0x00000000ebf7e6b8,0x00000000ebf80000)
  to   space 8704K, 0% used [0x00000000ec280000,0x00000000ec280000,0x00000000ecb00000)
 ParOldGen       total 181760K, used 162582K [0x00000000c0000000, 0x00000000cb180000, 0x00000000eab00000)
  object space 181760K, 89% used [0x00000000c0000000,0x00000000c9ec59e0,0x00000000cb180000)
 Metaspace       used 66256K, committed 67392K, reserved 1114112K
  class space    used 7013K, committed 7488K, reserved 1048576K
}
Event: 9.351 GC heap after
{Heap after GC invocations=136 (full 6):
 PSYoungGen      total 23040K, used 5958K [0x00000000eab00000, 0x00000000ec900000, 0x0000000100000000)
  eden space 16384K, 0% used [0x00000000eab00000,0x00000000eab00000,0x00000000ebb00000)
  from space 6656K, 89% used [0x00000000ec280000,0x00000000ec851998,0x00000000ec900000)
  to   space 7168K, 0% used [0x00000000ebb00000,0x00000000ebb00000,0x00000000ec200000)
 ParOldGen       total 181760K, used 166158K [0x00000000c0000000, 0x00000000cb180000, 0x00000000eab00000)
  object space 181760K, 91% used [0x00000000c0000000,0x00000000ca2439d8,0x00000000cb180000)
 Metaspace       used 66256K, committed 67392K, reserved 1114112K
  class space    used 7013K, committed 7488K, reserved 1048576K
}
Event: 9.425 GC heap before
{Heap before GC invocations=137 (full 6):
 PSYoungGen      total 23040K, used 21508K [0x00000000eab00000, 0x00000000ec900000, 0x0000000100000000)
  eden space 16384K, 94% used [0x00000000eab00000,0x00000000eba2f8a0,0x00000000ebb00000)
  from space 6656K, 89% used [0x00000000ec280000,0x00000000ec851998,0x00000000ec900000)
  to   space 7168K, 0% used [0x00000000ebb00000,0x00000000ebb00000,0x00000000ec200000)
 ParOldGen       total 181760K, used 166158K [0x00000000c0000000, 0x00000000cb180000, 0x00000000eab00000)
  object space 181760K, 91% used [0x00000000c0000000,0x00000000ca2439d8,0x00000000cb180000)
 Metaspace       used 66682K, committed 67776K, reserved 1114112K
  class space    used 7056K, committed 7552K, reserved 1048576K
}
Event: 9.431 GC heap after
{Heap after GC invocations=137 (full 6):
 PSYoungGen      total 23552K, used 7167K [0x00000000eab00000, 0x00000000ed100000, 0x0000000100000000)
  eden space 16384K, 0% used [0x00000000eab00000,0x00000000eab00000,0x00000000ebb00000)
  from space 7168K, 99% used [0x00000000ebb00000,0x00000000ec1ffe60,0x00000000ec200000)
  to   space 10752K, 0% used [0x00000000ec680000,0x00000000ec680000,0x00000000ed100000)
 ParOldGen       total 181760K, used 168788K [0x00000000c0000000, 0x00000000cb180000, 0x00000000eab00000)
  object space 181760K, 92% used [0x00000000c0000000,0x00000000ca4d5390,0x00000000cb180000)
 Metaspace       used 66682K, committed 67776K, reserved 1114112K
  class space    used 7056K, committed 7552K, reserved 1048576K
}

